<?xml version="1.0" encoding="UTF-8"?>
<!-- Generated by org.testng.reporters.JUnitReportReporter -->
<testsuite hostname="IM-LP-2348" failures="0" tests="1" name="Cucumberoptions.TC004_Checkout_page_purchase_order_testrunner" time="5.793" errors="0" timestamp="2025-07-23T19:02:20 IST" skipped="0">
  <testcase classname="Cucumberoptions.TC004_Checkout_page_purchase_order_testrunner" name="runScenario" time="5.793"/>
</testsuite> <!-- Cucumberoptions.TC004_Checkout_page_purchase_order_testrunner -->
