<?xml version="1.0" encoding="UTF-8"?>
<!-- Generated by org.testng.reporters.JUnitReportReporter -->
<testsuite hostname="IM-LP-2348" failures="0" tests="1" name="Cucumberoptions.TC002_Addproductsintocart_TestRunner" time="4.108" errors="0" timestamp="2025-07-04T18:03:29 IST" skipped="0">
  <testcase classname="Cucumberoptions.TC002_Addproductsintocart_TestRunner" name="runScenario" time="4.108"/>
</testsuite> <!-- Cucumberoptions.TC002_Addproductsintocart_TestRunner -->
