<?xml version="1.0" encoding="UTF-8"?>
<!-- Generated by org.testng.reporters.JUnitReportReporter -->
<testsuite hostname="IM-LP-2348" failures="0" tests="1" name="Cucumberoptions.TC004_Checkout_page_purchase_order_TestRunner" time="5.967" errors="0" timestamp="2025-08-12T11:06:09 IST" skipped="0">
  <testcase classname="Cucumberoptions.TC004_Checkout_page_purchase_order_TestRunner" name="runScenario" time="5.967"/>
</testsuite> <!-- Cucumberoptions.TC004_Checkout_page_purchase_order_TestRunner -->
