<?xml version="1.0" encoding="UTF-8"?>
<!-- Generated by org.testng.reporters.JUnitReportReporter -->
<testsuite hostname="IM-LP-2348" failures="0" tests="1" name="Cucumberoptions.LoginTestRunner" time="2.397" errors="0" timestamp="2025-07-01T19:21:37 IST" skipped="0">
  <testcase classname="Cucumberoptions.LoginTestRunner" name="runScenario" time="2.397"/>
</testsuite> <!-- Cucumberoptions.LoginTestRunner -->
