<?xml version="1.0" encoding="UTF-8"?>
<!-- Generated by org.testng.reporters.JUnitReportReporter -->
<testsuite hostname="IM-LP-2348" failures="0" tests="1" name="Cucumberoptions.TC002_Addproductsintocart_TestRunner" time="2.706" errors="0" timestamp="2025-07-09T11:13:35 IST" skipped="0">
  <testcase classname="Cucumberoptions.TC002_Addproductsintocart_TestRunner" name="runScenario" time="2.706"/>
</testsuite> <!-- Cucumberoptions.TC002_Addproductsintocart_TestRunner -->
