<?xml version="1.0" encoding="UTF-8"?>
<!-- Generated by org.testng.reporters.JUnitReportReporter -->
<testsuite hostname="IM-LP-2348" failures="0" tests="1" name="Cucumberoptions.TC004_Checkout_page_purchase_order_testrunner" time="4.053" errors="0" timestamp="2025-07-09T11:13:35 IST" skipped="0">
  <testcase classname="Cucumberoptions.TC004_Checkout_page_purchase_order_testrunner" name="runScenario" time="4.053"/>
</testsuite> <!-- Cucumberoptions.TC004_Checkout_page_purchase_order_testrunner -->
