<?xml version="1.0" encoding="UTF-8"?>
<!-- Generated by org.testng.reporters.JUnitReportReporter -->
<testsuite hostname="IM-LP-2348" failures="0" tests="1" name="Cucumberoptions.TC003_Cart_page_remove_product_TestRunner" time="3.617" errors="0" timestamp="2025-07-23T19:45:08 IST" skipped="0">
  <testcase classname="Cucumberoptions.TC003_Cart_page_remove_product_TestRunner" name="runScenario" time="3.617"/>
</testsuite> <!-- Cucumberoptions.TC003_Cart_page_remove_product_TestRunner -->
